This is pdfTeX, Version 3.141592653-2.6-1.40.23 (TeX Live 2021/W32TeX) (preloaded format=pdflatex 2022.3.31)  15 APR 2022 17:10
entering extended mode
 restricted \write18 enabled.
 %&-line parsing enabled.
**MainText.tex
(c:/Users/nikolai.klibansky/Documents/GitHub/InterimAnalysis/SEFSCInterimAnalysis/RunMSE/SEFSC/Manuscript/MainText.tex
LaTeX2e <2021-11-15> patch level 1
L3 programming layer <2022-02-24> (c:/Users/nikolai.klibansky/AppData/Roaming/TinyTeX/texmf-dist/tex/latex/base/article.cls
Document Class: article 2021/10/04 v1.4n Standard LaTeX document class
(c:/Users/nikolai.klibansky/AppData/Roaming/TinyTeX/texmf-dist/tex/latex/base/size12.clo
File: size12.clo 2021/10/04 v1.4n Standard LaTeX file (size option)
)
\c@part=\count185
\c@section=\count186
\c@subsection=\count187
\c@subsubsection=\count188
\c@paragraph=\count189
\c@subparagraph=\count190
\c@figure=\count191
\c@table=\count192
\abovecaptionskip=\skip47
\belowcaptionskip=\skip48
\bibindent=\dimen138
) (c:/Users/nikolai.klibansky/AppData/Roaming/TinyTeX/texmf-dist/tex/latex/bbding/bbding.sty
Package: bbding 1999/04/15 v1.01 Dingbats symbols
) (c:/Users/nikolai.klibansky/AppData/Roaming/TinyTeX/texmf-dist/tex/latex/booktabs/booktabs.sty
Package: booktabs 2020/01/12 v1.61803398 Publication quality tables
\heavyrulewidth=\dimen139
\lightrulewidth=\dimen140
\cmidrulewidth=\dimen141
\belowrulesep=\dimen142
\belowbottomsep=\dimen143
\aboverulesep=\dimen144
\abovetopsep=\dimen145
\cmidrulesep=\dimen146
\cmidrulekern=\dimen147
\defaultaddspace=\dimen148
\@cmidla=\count193
\@cmidlb=\count194
\@aboverulesep=\dimen149
\@belowrulesep=\dimen150
\@thisruleclass=\count195
\@lastruleclass=\count196
\@thisrulewidth=\dimen151
) (c:/Users/nikolai.klibansky/AppData/Roaming/TinyTeX/texmf-dist/tex/latex/caption/caption.sty
Package: caption 2022/03/01 v3.6b Customizing captions (AR)
 (c:/Users/nikolai.klibansky/AppData/Roaming/TinyTeX/texmf-dist/tex/latex/caption/caption3.sty
Package: caption3 2022/03/17 v2.3b caption3 kernel (AR)
 (c:/Users/nikolai.klibansky/AppData/Roaming/TinyTeX/texmf-dist/tex/latex/graphics/keyval.sty
Package: keyval 2014/10/28 v1.15 key=value parser (DPC)
\KV@toks@=\toks16
)
\caption@tempdima=\dimen152
\captionmargin=\dimen153
\caption@leftmargin=\dimen154
\caption@rightmargin=\dimen155
\caption@width=\dimen156
\caption@indent=\dimen157
\caption@parindent=\dimen158
\caption@hangindent=\dimen159
Package caption Info: Standard document class detected.
)
\c@caption@flags=\count197
\c@continuedfloat=\count198
) (c:/Users/nikolai.klibansky/AppData/Roaming/TinyTeX/texmf-dist/tex/latex/graphics/color.sty
Package: color 2021/12/07 v1.3c Standard LaTeX Color (DPC)
 (c:/Users/nikolai.klibansky/AppData/Roaming/TinyTeX/texmf-dist/tex/latex/graphics-cfg/color.cfg
File: color.cfg 2016/01/02 v1.6 sample color configuration
)
Package color Info: Driver file: pdftex.def on input line 149.
 (c:/Users/nikolai.klibansky/AppData/Roaming/TinyTeX/texmf-dist/tex/latex/graphics-def/pdftex.def
File: pdftex.def 2020/10/05 v1.2a Graphics/color driver for pdftex
)) (c:/Users/nikolai.klibansky/AppData/Roaming/TinyTeX/texmf-dist/tex/latex/enumitem/enumitem.sty
Package: enumitem 2019/06/20 v3.9 Customized lists
\labelindent=\skip49
\enit@outerparindent=\dimen160
\enit@toks=\toks17
\enit@inbox=\box50
\enit@count@id=\count199
\enitdp@description=\count266
) (c:/Users/nikolai.klibansky/AppData/Roaming/TinyTeX/texmf-dist/tex/latex/base/fontenc.sty
Package: fontenc 2021/04/29 v2.0v Standard LaTeX package
) (c:/Users/nikolai.klibansky/AppData/Roaming/TinyTeX/texmf-dist/tex/latex/geometry/geometry.sty
Package: geometry 2020/01/02 v5.9 Page Geometry
 (c:/Users/nikolai.klibansky/AppData/Roaming/TinyTeX/texmf-dist/tex/generic/iftex/ifvtex.sty
Package: ifvtex 2019/10/25 v1.7 ifvtex legacy package. Use iftex instead.
 (c:/Users/nikolai.klibansky/AppData/Roaming/TinyTeX/texmf-dist/tex/generic/iftex/iftex.sty
Package: iftex 2022/02/03 v1.0f TeX engine tests
))
\Gm@cnth=\count267
\Gm@cntv=\count268
\c@Gm@tempcnt=\count269
\Gm@bindingoffset=\dimen161
\Gm@wd@mp=\dimen162
\Gm@odd@mp=\dimen163
\Gm@even@mp=\dimen164
\Gm@layoutwidth=\dimen165
\Gm@layoutheight=\dimen166
\Gm@layouthoffset=\dimen167
\Gm@layoutvoffset=\dimen168
\Gm@dimlist=\toks18
) (c:/Users/nikolai.klibansky/AppData/Roaming/TinyTeX/texmf-dist/tex/latex/graphics/graphicx.sty
Package: graphicx 2021/09/16 v1.2d Enhanced LaTeX Graphics (DPC,SPQR)
 (c:/Users/nikolai.klibansky/AppData/Roaming/TinyTeX/texmf-dist/tex/latex/graphics/graphics.sty
Package: graphics 2021/03/04 v1.4d Standard LaTeX Graphics (DPC,SPQR)
 (c:/Users/nikolai.klibansky/AppData/Roaming/TinyTeX/texmf-dist/tex/latex/graphics/trig.sty
Package: trig 2021/08/11 v1.11 sin cos tan (DPC)
) (c:/Users/nikolai.klibansky/AppData/Roaming/TinyTeX/texmf-dist/tex/latex/graphics-cfg/graphics.cfg
File: graphics.cfg 2016/06/04 v1.11 sample graphics configuration
)
Package graphics Info: Driver file: pdftex.def on input line 107.
)
\Gin@req@height=\dimen169
\Gin@req@width=\dimen170
) (c:/Users/nikolai.klibansky/AppData/Roaming/TinyTeX/texmf-dist/tex/latex/lineno/lineno.sty
Package: lineno 2005/11/02 line numbers on paragraphs v4.41
\linenopenalty=\count270
\output=\toks19
\linenoprevgraf=\count271
\linenumbersep=\dimen171
\linenumberwidth=\dimen172
\c@linenumber=\count272
\c@pagewiselinenumber=\count273
\c@LN@truepage=\count274
\c@internallinenumber=\count275
\c@internallinenumbers=\count276
\quotelinenumbersep=\dimen173
\bframerule=\dimen174
\bframesep=\dimen175
\bframebox=\box51
LaTeX Info: Redefining \\ on input line 3056.
) (c:/Users/nikolai.klibansky/AppData/Roaming/TinyTeX/texmf-dist/tex/latex/tools/longtable.sty
Package: longtable 2021-09-01 v4.17 Multi-page Table package (DPC)
\LTleft=\skip50
\LTright=\skip51
\LTpre=\skip52
\LTpost=\skip53
\LTchunksize=\count277
\LTcapwidth=\dimen176
\LT@head=\box52
\LT@firsthead=\box53
\LT@foot=\box54
\LT@lastfoot=\box55
\LT@gbox=\box56
\LT@cols=\count278
\LT@rows=\count279
\c@LT@tables=\count280
\c@LT@chunks=\count281
\LT@p@ftn=\toks20
) (c:/Users/nikolai.klibansky/AppData/Roaming/TinyTeX/texmf-dist/tex/latex/microtype/microtype.sty
Package: microtype 2022/03/14 v3.0d Micro-typographical refinements (RS)
 (c:/Users/nikolai.klibansky/AppData/Roaming/TinyTeX/texmf-dist/tex/latex/etoolbox/etoolbox.sty
Package: etoolbox 2020/10/05 v2.5k e-TeX tools for LaTeX (JAW)
\etb@tempcnta=\count282
)
\MT@toks=\toks21
\MT@tempbox=\box57
\MT@count=\count283
LaTeX Info: Redefining \noprotrusionifhmode on input line 1027.
LaTeX Info: Redefining \leftprotrusion on input line 1028.
LaTeX Info: Redefining \rightprotrusion on input line 1036.
LaTeX Info: Redefining \textls on input line 1195.
\MT@outer@kern=\dimen177
LaTeX Info: Redefining \textmicrotypecontext on input line 1781.
\MT@listname@count=\count284
 (c:/Users/nikolai.klibansky/AppData/Roaming/TinyTeX/texmf-dist/tex/latex/microtype/microtype-pdftex.def
File: microtype-pdftex.def 2022/03/14 v3.0d Definitions specific to pdftex (RS)
LaTeX Info: Redefining \lsstyle on input line 900.
LaTeX Info: Redefining \lslig on input line 900.
\MT@outer@space=\skip54
)
Package microtype Info: Loading configuration file microtype.cfg.
 (c:/Users/nikolai.klibansky/AppData/Roaming/TinyTeX/texmf-dist/tex/latex/microtype/microtype.cfg
File: microtype.cfg 2022/03/14 v3.0d microtype main configuration file (RS)
)) (c:/Users/nikolai.klibansky/AppData/Roaming/TinyTeX/texmf-dist/tex/latex/pdflscape/pdflscape.sty
Package: pdflscape 2019/12/05 v0.12 Display of landscape pages in PDF (HO)
 (c:/Users/nikolai.klibansky/AppData/Roaming/TinyTeX/texmf-dist/tex/latex/graphics/lscape.sty
Package: lscape 2020/05/28 v3.02 Landscape Pages (DPC)
)
Package pdflscape Info: Auto-detected driver: pdftex on input line 81.
) (c:/Users/nikolai.klibansky/AppData/Roaming/TinyTeX/texmf-dist/tex/latex/koma-script/scrextend.sty
Package: scrextend 2021/11/13 v3.35 KOMA-Script package (extend other classes with features of KOMA-Script classes)
 (c:/Users/nikolai.klibansky/AppData/Roaming/TinyTeX/texmf-dist/tex/latex/koma-script/scrkbase.sty
Package: scrkbase 2021/11/13 v3.35 KOMA-Script package (KOMA-Script-dependent basics and keyval usage)
 (c:/Users/nikolai.klibansky/AppData/Roaming/TinyTeX/texmf-dist/tex/latex/koma-script/scrbase.sty
Package: scrbase 2021/11/13 v3.35 KOMA-Script package (KOMA-Script-independent basics and keyval usage)
 (c:/Users/nikolai.klibansky/AppData/Roaming/TinyTeX/texmf-dist/tex/latex/koma-script/scrlfile.sty
Package: scrlfile 2021/11/13 v3.35 KOMA-Script package (file load hooks)
 (c:/Users/nikolai.klibansky/AppData/Roaming/TinyTeX/texmf-dist/tex/latex/koma-script/scrlfile-hook.sty
Package: scrlfile-hook 2021/11/13 v3.35 KOMA-Script package (using LaTeX hooks)
 (c:/Users/nikolai.klibansky/AppData/Roaming/TinyTeX/texmf-dist/tex/latex/koma-script/scrlogo.sty
Package: scrlogo 2021/11/13 v3.35 KOMA-Script package (logo)
)))
Applying: [2021/05/01] Usage of raw or classic option list on input line 252.
Already applied: [0000/00/00] Usage of raw or classic option list on input line 368.
))) (c:/Users/nikolai.klibansky/AppData/Roaming/TinyTeX/texmf-dist/tex/latex/setspace/setspace.sty
Package: setspace 2011/12/19 v6.7a set line spacing
) (c:/Users/nikolai.klibansky/AppData/Roaming/TinyTeX/texmf-dist/tex/latex/siunitx/siunitx.sty
Package: siunitx 2022-02-15 v3.0.49 A comprehensive (SI) units package
\l__siunitx_angle_tmp_dim=\dimen178
\l__siunitx_angle_marker_box=\box58
\l__siunitx_angle_unit_box=\box59
\l__siunitx_compound_count_int=\count285
\l__siunitx_number_exponent_fixed_int=\count286
\l__siunitx_number_min_decimal_int=\count287
\l__siunitx_number_min_integer_int=\count288
\l__siunitx_number_round_precision_int=\count289
\l__siunitx_number_group_minimum_int=\count290
 (c:/Users/nikolai.klibansky/AppData/Roaming/TinyTeX/texmf-dist/tex/latex/amsmath/amstext.sty
Package: amstext 2021/08/26 v2.01 AMS text
 (c:/Users/nikolai.klibansky/AppData/Roaming/TinyTeX/texmf-dist/tex/latex/amsmath/amsgen.sty
File: amsgen.sty 1999/11/30 v2.0 generic functions
\@emptytoks=\toks22
\ex@=\dimen179
))
\l__siunitx_table_tmp_box=\box60
\l__siunitx_table_tmp_dim=\dimen180
\l__siunitx_table_column_width_dim=\dimen181
\l__siunitx_table_integer_box=\box61
\l__siunitx_table_decimal_box=\box62
\l__siunitx_table_before_box=\box63
\l__siunitx_table_after_box=\box64
\l__siunitx_table_before_dim=\dimen182
\l__siunitx_table_carry_dim=\dimen183
\l__siunitx_unit_tmp_int=\count291
\l__siunitx_unit_position_int=\count292
\l__siunitx_unit_total_int=\count293
 (c:/Users/nikolai.klibansky/AppData/Roaming/TinyTeX/texmf-dist/tex/latex/l3packages/l3keys2e/l3keys2e.sty (c:/Users/nikolai.klibansky/AppData/Roaming/TinyTeX/texmf-dist/tex/latex/l3kernel/expl3.sty
Package: expl3 2022-02-24 L3 programming layer (loader) 
 (c:/Users/nikolai.klibansky/AppData/Roaming/TinyTeX/texmf-dist/tex/latex/l3backend/l3backend-pdftex.def
File: l3backend-pdftex.def 2022-02-07 L3 backend support: PDF output (pdfTeX)
\l__color_backend_stack_int=\count294
\l__pdf_internal_box=\box65
))
Package: l3keys2e 2022-01-12 LaTeX2e option processing using LaTeX3 keys
) (c:/Users/nikolai.klibansky/AppData/Roaming/TinyTeX/texmf-dist/tex/latex/tools/array.sty
Package: array 2021/10/04 v2.5f Tabular extension package (FMi)
\col@sep=\dimen184
\ar@mcellbox=\box66
\extrarowheight=\dimen185
\NC@list=\toks23
\extratabsurround=\skip55
\backup@length=\skip56
\ar@cellbox=\box67
)) (c:/Users/nikolai.klibansky/AppData/Roaming/TinyTeX/texmf-dist/tex/latex/titlesec/titlesec.sty
Package: titlesec 2021/07/05 v2.14 Sectioning titles
\ttl@box=\box68
\beforetitleunit=\skip57
\aftertitleunit=\skip58
\ttl@plus=\dimen186
\ttl@minus=\dimen187
\ttl@toksa=\toks24
\titlewidth=\dimen188
\titlewidthlast=\dimen189
\titlewidthfirst=\dimen190
) (c:/Users/nikolai.klibansky/AppData/Roaming/TinyTeX/texmf-dist/tex/latex/xcolor/xcolor.sty
Package: xcolor 2021/10/31 v2.13 LaTeX color extensions (UK)
 (c:/Users/nikolai.klibansky/AppData/Roaming/TinyTeX/texmf-dist/tex/latex/graphics-cfg/color.cfg
File: color.cfg 2016/01/02 v1.6 sample color configuration
)
Package xcolor Info: Driver file: pdftex.def on input line 227.
LaTeX Info: Redefining \color on input line 711.
Package xcolor Info: Model `cmy' substituted by `cmy0' on input line 1352.
Package xcolor Info: Model `hsb' substituted by `rgb' on input line 1356.
Package xcolor Info: Model `RGB' extended on input line 1368.
Package xcolor Info: Model `HTML' substituted by `rgb' on input line 1370.
Package xcolor Info: Model `Hsb' substituted by `hsb' on input line 1371.
Package xcolor Info: Model `tHsb' substituted by `hsb' on input line 1372.
Package xcolor Info: Model `HSB' substituted by `hsb' on input line 1373.
Package xcolor Info: Model `Gray' substituted by `gray' on input line 1374.
Package xcolor Info: Model `wave' substituted by `hsb' on input line 1375.
 (c:/Users/nikolai.klibansky/AppData/Roaming/TinyTeX/texmf-dist/tex/latex/graphics/dvipsnam.def
File: dvipsnam.def 2016/06/17 v3.0m Driver-dependent file (DPC,SPQR)
)) (c:/Users/nikolai.klibansky/AppData/Roaming/TinyTeX/texmf-dist/tex/latex/hyperref/hyperref.sty
Package: hyperref 2022-02-21 v7.00n Hypertext links for LaTeX
 (c:/Users/nikolai.klibansky/AppData/Roaming/TinyTeX/texmf-dist/tex/generic/ltxcmds/ltxcmds.sty
Package: ltxcmds 2020-05-10 v1.25 LaTeX kernel commands for general use (HO)
) (c:/Users/nikolai.klibansky/AppData/Roaming/TinyTeX/texmf-dist/tex/generic/pdftexcmds/pdftexcmds.sty
Package: pdftexcmds 2020-06-27 v0.33 Utility functions of pdfTeX for LuaTeX (HO)
 (c:/Users/nikolai.klibansky/AppData/Roaming/TinyTeX/texmf-dist/tex/generic/infwarerr/infwarerr.sty
Package: infwarerr 2019/12/03 v1.5 Providing info/warning/error messages (HO)
)
Package pdftexcmds Info: \pdf@primitive is available.
Package pdftexcmds Info: \pdf@ifprimitive is available.
Package pdftexcmds Info: \pdfdraftmode found.
) (c:/Users/nikolai.klibansky/AppData/Roaming/TinyTeX/texmf-dist/tex/generic/kvsetkeys/kvsetkeys.sty
Package: kvsetkeys 2019/12/15 v1.18 Key value parser (HO)
) (c:/Users/nikolai.klibansky/AppData/Roaming/TinyTeX/texmf-dist/tex/generic/kvdefinekeys/kvdefinekeys.sty
Package: kvdefinekeys 2019-12-19 v1.6 Define keys (HO)
) (c:/Users/nikolai.klibansky/AppData/Roaming/TinyTeX/texmf-dist/tex/generic/pdfescape/pdfescape.sty
Package: pdfescape 2019/12/09 v1.15 Implements pdfTeX's escape features (HO)
) (c:/Users/nikolai.klibansky/AppData/Roaming/TinyTeX/texmf-dist/tex/latex/hycolor/hycolor.sty
Package: hycolor 2020-01-27 v1.10 Color options for hyperref/bookmark (HO)
) (c:/Users/nikolai.klibansky/AppData/Roaming/TinyTeX/texmf-dist/tex/latex/letltxmacro/letltxmacro.sty
Package: letltxmacro 2019/12/03 v1.6 Let assignment for LaTeX macros (HO)
) (c:/Users/nikolai.klibansky/AppData/Roaming/TinyTeX/texmf-dist/tex/latex/auxhook/auxhook.sty
Package: auxhook 2019-12-17 v1.6 Hooks for auxiliary files (HO)
) (c:/Users/nikolai.klibansky/AppData/Roaming/TinyTeX/texmf-dist/tex/latex/kvoptions/kvoptions.sty
Package: kvoptions 2020-10-07 v3.14 Key value format for package options (HO)
)
\@linkdim=\dimen191
\Hy@linkcounter=\count295
\Hy@pagecounter=\count296
 (c:/Users/nikolai.klibansky/AppData/Roaming/TinyTeX/texmf-dist/tex/latex/hyperref/pd1enc.def
File: pd1enc.def 2022-02-21 v7.00n Hyperref: PDFDocEncoding definition (HO)
Now handling font encoding PD1 ...
... no UTF-8 mapping file for font encoding PD1
) (c:/Users/nikolai.klibansky/AppData/Roaming/TinyTeX/texmf-dist/tex/generic/intcalc/intcalc.sty
Package: intcalc 2019/12/15 v1.3 Expandable calculations with integers (HO)
) (c:/Users/nikolai.klibansky/AppData/Roaming/TinyTeX/texmf-dist/tex/generic/etexcmds/etexcmds.sty
Package: etexcmds 2019/12/15 v1.7 Avoid name clashes with e-TeX commands (HO)
)
\Hy@SavedSpaceFactor=\count297
 (c:/Users/nikolai.klibansky/AppData/Roaming/TinyTeX/texmf-dist/tex/latex/hyperref/puenc.def
File: puenc.def 2022-02-21 v7.00n Hyperref: PDF Unicode definition (HO)
Now handling font encoding PU ...
... no UTF-8 mapping file for font encoding PU
)
Package hyperref Info: Hyper figures OFF on input line 4137.
Package hyperref Info: Link nesting OFF on input line 4142.
Package hyperref Info: Hyper index ON on input line 4145.
Package hyperref Info: Plain pages OFF on input line 4152.
Package hyperref Info: Backreferencing OFF on input line 4157.
Package hyperref Info: Implicit mode ON; LaTeX internals redefined.
Package hyperref Info: Bookmarks ON on input line 4390.
\c@Hy@tempcnt=\count298
 (c:/Users/nikolai.klibansky/AppData/Roaming/TinyTeX/texmf-dist/tex/latex/url/url.sty
\Urlmuskip=\muskip16
Package: url 2013/09/16  ver 3.4  Verb mode for urls, etc.
)
LaTeX Info: Redefining \url on input line 4749.
\XeTeXLinkMargin=\dimen192
 (c:/Users/nikolai.klibansky/AppData/Roaming/TinyTeX/texmf-dist/tex/generic/bitset/bitset.sty
Package: bitset 2019/12/09 v1.3 Handle bit-vector datatype (HO)
 (c:/Users/nikolai.klibansky/AppData/Roaming/TinyTeX/texmf-dist/tex/generic/bigintcalc/bigintcalc.sty
Package: bigintcalc 2019/12/15 v1.5 Expandable calculations on big integers (HO)
))
\Fld@menulength=\count299
\Field@Width=\dimen193
\Fld@charsize=\dimen194
Package hyperref Info: Hyper figures OFF on input line 6027.
Package hyperref Info: Link nesting OFF on input line 6032.
Package hyperref Info: Hyper index ON on input line 6035.
Package hyperref Info: backreferencing OFF on input line 6042.
Package hyperref Info: Link coloring OFF on input line 6047.
Package hyperref Info: Link coloring with OCG OFF on input line 6052.
Package hyperref Info: PDF/A mode OFF on input line 6057.
LaTeX Info: Redefining \ref on input line 6097.
LaTeX Info: Redefining \pageref on input line 6101.
 (c:/Users/nikolai.klibansky/AppData/Roaming/TinyTeX/texmf-dist/tex/latex/base/atbegshi-ltx.sty
Package: atbegshi-ltx 2021/01/10 v1.0c Emulation of the original atbegshi
package with kernel methods
)
\Hy@abspage=\count300
\c@Item=\count301
\c@Hfootnote=\count302
)
Package hyperref Info: Driver (autodetected): hpdftex.
 (c:/Users/nikolai.klibansky/AppData/Roaming/TinyTeX/texmf-dist/tex/latex/hyperref/hpdftex.def
File: hpdftex.def 2022-02-21 v7.00n Hyperref driver for pdfTeX
 (c:/Users/nikolai.klibansky/AppData/Roaming/TinyTeX/texmf-dist/tex/latex/base/atveryend-ltx.sty
Package: atveryend-ltx 2020/08/19 v1.0a Emulation of the original atveryend package
with kernel methods
)
\Fld@listcount=\count303
\c@bookmark@seq@number=\count304
 (c:/Users/nikolai.klibansky/AppData/Roaming/TinyTeX/texmf-dist/tex/latex/rerunfilecheck/rerunfilecheck.sty
Package: rerunfilecheck 2019/12/05 v1.9 Rerun checks for auxiliary files (HO)
 (c:/Users/nikolai.klibansky/AppData/Roaming/TinyTeX/texmf-dist/tex/generic/uniquecounter/uniquecounter.sty
Package: uniquecounter 2019/12/15 v1.4 Provide unlimited unique counter (HO)
)
Package uniquecounter Info: New unique counter `rerunfilecheck' on input line 286.
)
\Hy@SectionHShift=\skip59
) (c:/Users/nikolai.klibansky/AppData/Roaming/TinyTeX/texmf-dist/tex/latex/natbib/natbib.sty
Package: natbib 2010/09/13 8.31b (PWD, AO)
\bibhang=\skip60
\bibsep=\skip61
LaTeX Info: Redefining \cite on input line 694.
\c@NAT@ctr=\count305
)
Package caption Info: Option `figurename' requires the `newfloat' package on input line 46.
 (c:/Users/nikolai.klibansky/AppData/Roaming/TinyTeX/texmf-dist/tex/latex/newfloat/newfloat.sty
Package: newfloat 2019/09/02 v1.1l Defining new floating environments (AR)
) (c:/Program Files/R/R-4.1.1/share/texmf/tex/latex/Sweave.sty
Package: Sweave 
 (c:/Users/nikolai.klibansky/AppData/Roaming/TinyTeX/texmf-dist/tex/latex/base/ifthen.sty
Package: ifthen 2020/11/24 v1.1c Standard LaTeX ifthen package (DPC)
) (c:/Users/nikolai.klibansky/AppData/Roaming/TinyTeX/texmf-dist/tex/latex/fancyvrb/fancyvrb.sty
Package: fancyvrb 2021/12/21 4.1b verbatim text (tvz,hv)
\FV@CodeLineNo=\count306
\FV@InFile=\read2
\FV@TabBox=\box69
\c@FancyVerbLine=\count307
\FV@StepNumber=\count308
\FV@OutFile=\write3
) (c:/Users/nikolai.klibansky/AppData/Roaming/TinyTeX/texmf-dist/tex/latex/base/textcomp.sty
Package: textcomp 2020/02/02 v2.0n Standard LaTeX package
) (c:/Users/nikolai.klibansky/AppData/Roaming/TinyTeX/texmf-dist/tex/latex/base/fontenc.sty
Package: fontenc 2021/04/29 v2.0v Standard LaTeX package
) (c:/Users/nikolai.klibansky/AppData/Roaming/TinyTeX/texmf-dist/tex/latex/ae/ae.sty
Package: ae 2001/02/12 1.3 Almost European Computer Modern
 (c:/Users/nikolai.klibansky/AppData/Roaming/TinyTeX/texmf-dist/tex/latex/base/fontenc.sty
Package: fontenc 2021/04/29 v2.0v Standard LaTeX package
)))
LaTeX Font Info:    Trying to load font information for T1+aer on input line 61.
 (c:/Users/nikolai.klibansky/AppData/Roaming/TinyTeX/texmf-dist/tex/latex/ae/t1aer.fd
File: t1aer.fd 1997/11/16 Font definitions for T1/aer.
) (c:/Users/nikolai.klibansky/Documents/GitHub/InterimAnalysis/SEFSCInterimAnalysis/RunMSE/SEFSC/Manuscript/MainText.aux)
\openout1 = `MainText.aux'.

LaTeX Font Info:    Checking defaults for OML/cmm/m/it on input line 61.
LaTeX Font Info:    ... okay on input line 61.
LaTeX Font Info:    Checking defaults for OMS/cmsy/m/n on input line 61.
LaTeX Font Info:    ... okay on input line 61.
LaTeX Font Info:    Checking defaults for OT1/cmr/m/n on input line 61.
LaTeX Font Info:    ... okay on input line 61.
LaTeX Font Info:    Checking defaults for T1/cmr/m/n on input line 61.
LaTeX Font Info:    ... okay on input line 61.
LaTeX Font Info:    Checking defaults for TS1/cmr/m/n on input line 61.
LaTeX Font Info:    ... okay on input line 61.
LaTeX Font Info:    Checking defaults for OMX/cmex/m/n on input line 61.
LaTeX Font Info:    ... okay on input line 61.
LaTeX Font Info:    Checking defaults for U/cmr/m/n on input line 61.
LaTeX Font Info:    ... okay on input line 61.
LaTeX Font Info:    Checking defaults for PD1/pdf/m/n on input line 61.
LaTeX Font Info:    ... okay on input line 61.
LaTeX Font Info:    Checking defaults for PU/pdf/m/n on input line 61.
LaTeX Font Info:    ... okay on input line 61.
Package caption Info: Begin \AtBeginDocument code.
Package caption Info: hyperref package is loaded.
Package caption Info: longtable package is loaded.
 (c:/Users/nikolai.klibansky/AppData/Roaming/TinyTeX/texmf-dist/tex/latex/caption/ltcaption.sty
Package: ltcaption 2021/01/08 v1.4c longtable captions (AR)
)
Package caption Info: End \AtBeginDocument code.
 (c:/Users/nikolai.klibansky/AppData/Roaming/TinyTeX/texmf-dist/tex/latex/epstopdf-pkg/epstopdf-base.sty
Package: epstopdf-base 2020-01-24 v2.11 Base part for package epstopdf
Package epstopdf-base Info: Redefining graphics rule for `.eps' on input line 485.
 (c:/Users/nikolai.klibansky/AppData/Roaming/TinyTeX/texmf-dist/tex/latex/latexconfig/epstopdf-sys.cfg
File: epstopdf-sys.cfg 2010/07/13 v1.3 Configuration of (r)epstopdf for TeX Live
))
*geometry* driver: auto-detecting
*geometry* detected driver: pdftex
*geometry* verbose mode - [ preamble ] result:
* driver: pdftex
* paper: letterpaper
* layout: <same size as paper>
* layoutoffset:(h,v)=(0.0pt,0.0pt)
* modes: 
* h-part:(L,W,R)=(72.2698pt, 469.75539pt, 72.2698pt)
* v-part:(T,H,B)=(72.2698pt, 650.43037pt, 72.2698pt)
* \paperwidth=614.295pt
* \paperheight=794.96999pt
* \textwidth=469.75539pt
* \textheight=650.43037pt
* \oddsidemargin=-0.00018pt
* \evensidemargin=-0.00018pt
* \topmargin=-37.00018pt
* \headheight=12.0pt
* \headsep=25.0pt
* \topskip=12.0pt
* \footskip=30.0pt
* \marginparwidth=44.0pt
* \marginparsep=10.0pt
* \columnsep=10.0pt
* \skip\footins=10.8pt plus 4.0pt minus 2.0pt
* \hoffset=0.0pt
* \voffset=0.0pt
* \mag=1000
* \@twocolumnfalse
* \@twosidefalse
* \@mparswitchfalse
* \@reversemarginfalse
* (1in=72.27pt=25.4mm, 1cm=28.453pt)

LaTeX Info: Redefining \microtypecontext on input line 61.
Package microtype Info: Applying patch `item' on input line 61.
Package microtype Info: Applying patch `toc' on input line 61.
Package microtype Info: Applying patch `eqnum' on input line 61.
Package microtype Info: Applying patch `footnote' on input line 61.
Package microtype Info: Generating PDF output.
Package microtype Info: Character protrusion enabled (level 2).
Package microtype Info: Using default protrusion set `alltext'.
Package microtype Info: Automatic font expansion enabled (level 2),
(microtype)             stretch: 20, shrink: 20, step: 1, non-selected.
Package microtype Info: Using default expansion set `alltext-nott'.
LaTeX Info: Redefining \showhyphens on input line 61.
Package microtype Info: No adjustment of tracking.
Package microtype Info: No adjustment of interword spacing.
Package microtype Info: No adjustment of character kerning.
(c:/Users/nikolai.klibansky/AppData/Roaming/TinyTeX/texmf-dist/tex/latex/microtype/mt-cmr.cfg
File: mt-cmr.cfg 2013/05/19 v2.2 microtype config. file: Computer Modern Roman (RS)
)
Package hyperref Info: Link coloring OFF on input line 61.
 (c:/Users/nikolai.klibansky/AppData/Roaming/TinyTeX/texmf-dist/tex/latex/hyperref/nameref.sty
Package: nameref 2021-04-02 v2.47 Cross-referencing by name of section
 (c:/Users/nikolai.klibansky/AppData/Roaming/TinyTeX/texmf-dist/tex/latex/refcount/refcount.sty
Package: refcount 2019/12/15 v3.6 Data extraction from label references (HO)
) (c:/Users/nikolai.klibansky/AppData/Roaming/TinyTeX/texmf-dist/tex/generic/gettitlestring/gettitlestring.sty
Package: gettitlestring 2019/12/15 v1.6 Cleanup title references (HO)
)
\c@section@level=\count309
)
LaTeX Info: Redefining \ref on input line 61.
LaTeX Info: Redefining \pageref on input line 61.
LaTeX Info: Redefining \nameref on input line 61.
 (c:/Users/nikolai.klibansky/Documents/GitHub/InterimAnalysis/SEFSCInterimAnalysis/RunMSE/SEFSC/Manuscript/MainText.out) (c:/Users/nikolai.klibansky/Documents/GitHub/InterimAnalysis/SEFSCInterimAnalysis/RunMSE/SEFSC/Manuscript/MainText.out)
\@outlinefile=\write4
\openout4 = `MainText.out'.

 (c:/Users/nikolai.klibansky/Documents/GitHub/InterimAnalysis/SEFSCInterimAnalysis/RunMSE/SEFSC/Manuscript/MainText-concordance.tex)
LaTeX Font Info:    External font `cmex10' loaded for size
(Font)              <14.4> on input line 79.
LaTeX Font Info:    External font `cmex10' loaded for size
(Font)              <7> on input line 79.
LaTeX Font Info:    External font `cmex10' loaded for size
(Font)              <10.95> on input line 81.
LaTeX Font Info:    External font `cmex10' loaded for size
(Font)              <8> on input line 81.
LaTeX Font Info:    External font `cmex10' loaded for size
(Font)              <6> on input line 81.
 [1

{c:/Users/nikolai.klibansky/AppData/Roaming/TinyTeX/texmf-var/fonts/map/pdftex/updmap/pdftex.map}]
LaTeX Font Info:    External font `cmex10' loaded for size
(Font)              <12> on input line 97.
 [2] [3] [4] [5]
LaTeX Font Info:    Trying to load font information for T1+aett on input line 118.
 (c:/Users/nikolai.klibansky/AppData/Roaming/TinyTeX/texmf-dist/tex/latex/ae/t1aett.fd
File: t1aett.fd 1997/11/16 Font definitions for T1/aett.
)
Package microtype Info: Loading generic protrusion settings for font family
(microtype)             `aett' (encoding: T1).
(microtype)             For optimal results, create family-specific settings.
(microtype)             See the microtype manual for details.
 [6] [7] [8] [9] [10]
LaTeX Font Info:    External font `cmex10' loaded for size
(Font)              <5> on input line 186.
 [11] [12] [13] [14] [15] [16] [17] [18] [19] (c:/Users/nikolai.klibansky/Documents/GitHub/InterimAnalysis/SEFSCInterimAnalysis/RunMSE/SEFSC/Manuscript/MainText.bbl [20

]) [21]
<../Figs/MSEDiagram.png, id=286, 1541.76pt x 1300.86pt>
File: ../Figs/MSEDiagram.png Graphic file (type png)
<use ../Figs/MSEDiagram.png>
Package pdftex.def Info: ../Figs/MSEDiagram.png  used on input line 335.
(pdftex.def)             Requested size: 433.61894pt x 379.40334pt.
<../Figs/AddInd.pdf, id=288, 505.89pt x 505.89pt>
File: ../Figs/AddInd.pdf Graphic file (type pdf)
<use ../Figs/AddInd.pdf>
Package pdftex.def Info: ../Figs/AddInd.pdf  used on input line 346.
(pdftex.def)             Requested size: 433.62885pt x 505.89645pt.
<../Figs/boxplotSBSBMSY1.pdf, id=289, 505.89pt x 505.89pt>
File: ../Figs/boxplotSBSBMSY1.pdf Graphic file (type pdf)
<use ../Figs/boxplotSBSBMSY1.pdf>
Package pdftex.def Info: ../Figs/boxplotSBSBMSY1.pdf  used on input line 356.
(pdftex.def)             Requested size: 433.62885pt x 505.89645pt.
 [22 <../Figs/MSEDiagram.png

pdfTeX warning: pdflatex.exe (file ../Figs/MSEDiagram.png): large interlaced PNG might cause out of memory (use non-interlaced PNG to fix this)
>] [23 <../Figs/AddInd.pdf>] [24 <../Figs/boxplotSBSBMSY1.pdf>]
<../Figs/boxplotFFMSY1.pdf, id=319, 505.89pt x 505.89pt>
File: ../Figs/boxplotFFMSY1.pdf Graphic file (type pdf)
<use ../Figs/boxplotFFMSY1.pdf>
Package pdftex.def Info: ../Figs/boxplotFFMSY1.pdf  used on input line 365.
(pdftex.def)             Requested size: 433.62885pt x 505.89645pt.
 [25

 <../Figs/boxplotFFMSY1.pdf>]
<../Figs/boxplotCatchTotal1.pdf, id=331, 505.89pt x 505.89pt>
File: ../Figs/boxplotCatchTotal1.pdf Graphic file (type pdf)
<use ../Figs/boxplotCatchTotal1.pdf>
Package pdftex.def Info: ../Figs/boxplotCatchTotal1.pdf  used on input line 374.
(pdftex.def)             Requested size: 433.62885pt x 505.89645pt.
 [26

 <../Figs/boxplotCatchTotal1.pdf>]
<../Figs/boxplotAAVY1.pdf, id=342, 505.89pt x 505.89pt>
File: ../Figs/boxplotAAVY1.pdf Graphic file (type pdf)
<use ../Figs/boxplotAAVY1.pdf>
Package pdftex.def Info: ../Figs/boxplotAAVY1.pdf  used on input line 383.
(pdftex.def)             Requested size: 433.62885pt x 505.89645pt.
 [27

 <../Figs/boxplotAAVY1.pdf>]
<../Figs/tsCatchMSY1.pdf, id=353, 578.16pt x 578.16pt>
File: ../Figs/tsCatchMSY1.pdf Graphic file (type pdf)
<use ../Figs/tsCatchMSY1.pdf>
Package pdftex.def Info: ../Figs/tsCatchMSY1.pdf  used on input line 393.
(pdftex.def)             Requested size: 433.61893pt x 505.88875pt.
 [28

 <../Figs/tsCatchMSY1.pdf>]
<../Figs/tsCatchMSY1B.pdf, id=368, 578.16pt x 578.16pt>
File: ../Figs/tsCatchMSY1B.pdf Graphic file (type pdf)
<use ../Figs/tsCatchMSY1B.pdf>
Package pdftex.def Info: ../Figs/tsCatchMSY1B.pdf  used on input line 402.
(pdftex.def)             Requested size: 433.61893pt x 505.88875pt.
 [29

 <../Figs/tsCatchMSY1B.pdf>]
<../Figs/tsFFmsy1.pdf, id=383, 578.16pt x 578.16pt>
File: ../Figs/tsFFmsy1.pdf Graphic file (type pdf)
<use ../Figs/tsFFmsy1.pdf>
Package pdftex.def Info: ../Figs/tsFFmsy1.pdf  used on input line 411.
(pdftex.def)             Requested size: 433.61893pt x 505.88875pt.
 [30

 <../Figs/tsFFmsy1.pdf>]
<../Figs/tsFFmsy1B.pdf, id=399, 578.16pt x 578.16pt>
File: ../Figs/tsFFmsy1B.pdf Graphic file (type pdf)
<use ../Figs/tsFFmsy1B.pdf>
Package pdftex.def Info: ../Figs/tsFFmsy1B.pdf  used on input line 420.
(pdftex.def)             Requested size: 433.61893pt x 505.88875pt.
 [31

 <../Figs/tsFFmsy1B.pdf>]
<../Figs/tsSSBSSBmsy1.pdf, id=415, 578.16pt x 578.16pt>
File: ../Figs/tsSSBSSBmsy1.pdf Graphic file (type pdf)
<use ../Figs/tsSSBSSBmsy1.pdf>
Package pdftex.def Info: ../Figs/tsSSBSSBmsy1.pdf  used on input line 429.
(pdftex.def)             Requested size: 433.61893pt x 505.88875pt.
 [32

 <../Figs/tsSSBSSBmsy1.pdf>]
<../Figs/tsSSBSSBmsy1B.pdf, id=430, 578.16pt x 578.16pt>
File: ../Figs/tsSSBSSBmsy1B.pdf Graphic file (type pdf)
<use ../Figs/tsSSBSSBmsy1B.pdf>
Package pdftex.def Info: ../Figs/tsSSBSSBmsy1B.pdf  used on input line 438.
(pdftex.def)             Requested size: 433.61893pt x 505.88875pt.
 [33

 <../Figs/tsSSBSSBmsy1B.pdf>]
<../Figs/trAAVYP1001.pdf, id=445, 578.16pt x 289.08pt>
File: ../Figs/trAAVYP1001.pdf Graphic file (type pdf)
<use ../Figs/trAAVYP1001.pdf>
Package pdftex.def Info: ../Figs/trAAVYP1001.pdf  used on input line 449.
(pdftex.def)             Requested size: 505.88875pt x 252.94437pt.

Overfull \hbox (36.13336pt too wide) in paragraph at lines 449--450
 [] 
 []

[34

 <../Figs/trAAVYP1001.pdf>]
<../Figs/trAAVYPNOF1.pdf, id=459, 578.16pt x 289.08pt>
File: ../Figs/trAAVYPNOF1.pdf Graphic file (type pdf)
<use ../Figs/trAAVYPNOF1.pdf>
Package pdftex.def Info: ../Figs/trAAVYPNOF1.pdf  used on input line 458.
(pdftex.def)             Requested size: 505.88875pt x 252.94437pt.

Overfull \hbox (36.13336pt too wide) in paragraph at lines 458--459
 [] 
 []

[35

 <../Figs/trAAVYPNOF1.pdf>]
<../Figs/trAAVYYldLT1.pdf, id=473, 578.16pt x 289.08pt>
File: ../Figs/trAAVYYldLT1.pdf Graphic file (type pdf)
<use ../Figs/trAAVYYldLT1.pdf>
Package pdftex.def Info: ../Figs/trAAVYYldLT1.pdf  used on input line 467.
(pdftex.def)             Requested size: 505.88875pt x 252.94437pt.

Overfull \hbox (36.13336pt too wide) in paragraph at lines 467--468
 [] 
 []

[36

 <../Figs/trAAVYYldLT1.pdf>]
<../Figs/trP100YldLT1.pdf, id=487, 578.16pt x 289.08pt>
File: ../Figs/trP100YldLT1.pdf Graphic file (type pdf)
<use ../Figs/trP100YldLT1.pdf>
Package pdftex.def Info: ../Figs/trP100YldLT1.pdf  used on input line 476.
(pdftex.def)             Requested size: 505.88875pt x 252.94437pt.

Overfull \hbox (36.13336pt too wide) in paragraph at lines 476--477
 [] 
 []

[37

 <../Figs/trP100YldLT1.pdf>]
<../Figs/trPNOFP1001.pdf, id=502, 578.16pt x 289.08pt>
File: ../Figs/trPNOFP1001.pdf Graphic file (type pdf)
<use ../Figs/trPNOFP1001.pdf>
Package pdftex.def Info: ../Figs/trPNOFP1001.pdf  used on input line 485.
(pdftex.def)             Requested size: 505.88875pt x 252.94437pt.

Overfull \hbox (36.13336pt too wide) in paragraph at lines 485--486
 [] 
 []

[38

 <../Figs/trPNOFP1001.pdf>]
<../Figs/phasePlot1.pdf, id=517, 578.16pt x 289.08pt>
File: ../Figs/phasePlot1.pdf Graphic file (type pdf)
<use ../Figs/phasePlot1.pdf>
Package pdftex.def Info: ../Figs/phasePlot1.pdf  used on input line 495.
(pdftex.def)             Requested size: 505.88875pt x 252.94437pt.

Overfull \hbox (36.13336pt too wide) in paragraph at lines 495--496
 [] 
 []

[39

 <../Figs/phasePlot1.pdf>]
<../Figs/boxplotSBSBMSY2.pdf, id=531, 505.89pt x 505.89pt>
File: ../Figs/boxplotSBSBMSY2.pdf Graphic file (type pdf)
<use ../Figs/boxplotSBSBMSY2.pdf>
Package pdftex.def Info: ../Figs/boxplotSBSBMSY2.pdf  used on input line 522.
(pdftex.def)             Requested size: 433.62885pt x 505.89645pt.
 [40


 <../Figs/boxplotSBSBMSY2.pdf>]
<../Figs/boxplotFFMSY2.pdf, id=542, 505.89pt x 505.89pt>
File: ../Figs/boxplotFFMSY2.pdf Graphic file (type pdf)
<use ../Figs/boxplotFFMSY2.pdf>
Package pdftex.def Info: ../Figs/boxplotFFMSY2.pdf  used on input line 531.
(pdftex.def)             Requested size: 433.62885pt x 505.89645pt.
 [41

 <../Figs/boxplotFFMSY2.pdf>]
<../Figs/boxplotCatchTotal2.pdf, id=554, 505.89pt x 505.89pt>
File: ../Figs/boxplotCatchTotal2.pdf Graphic file (type pdf)
<use ../Figs/boxplotCatchTotal2.pdf>
Package pdftex.def Info: ../Figs/boxplotCatchTotal2.pdf  used on input line 540.
(pdftex.def)             Requested size: 433.62885pt x 505.89645pt.
 [42

 <../Figs/boxplotCatchTotal2.pdf>]
<../Figs/boxplotAAVY2.pdf, id=566, 505.89pt x 505.89pt>
File: ../Figs/boxplotAAVY2.pdf Graphic file (type pdf)
<use ../Figs/boxplotAAVY2.pdf>
Package pdftex.def Info: ../Figs/boxplotAAVY2.pdf  used on input line 549.
(pdftex.def)             Requested size: 433.62885pt x 505.89645pt.
 [43

 <../Figs/boxplotAAVY2.pdf>]
<../Figs/tsCatchMSY2.pdf, id=579, 578.16pt x 578.16pt>
File: ../Figs/tsCatchMSY2.pdf Graphic file (type pdf)
<use ../Figs/tsCatchMSY2.pdf>
Package pdftex.def Info: ../Figs/tsCatchMSY2.pdf  used on input line 559.
(pdftex.def)             Requested size: 433.61893pt x 505.88875pt.
 [44

 <../Figs/tsCatchMSY2.pdf>]
<../Figs/tsCatchMSY2B.pdf, id=595, 578.16pt x 578.16pt>
File: ../Figs/tsCatchMSY2B.pdf Graphic file (type pdf)
<use ../Figs/tsCatchMSY2B.pdf>
Package pdftex.def Info: ../Figs/tsCatchMSY2B.pdf  used on input line 568.
(pdftex.def)             Requested size: 433.61893pt x 505.88875pt.
 [45

 <../Figs/tsCatchMSY2B.pdf>]
<../Figs/tsFFmsy2.pdf, id=611, 578.16pt x 578.16pt>
File: ../Figs/tsFFmsy2.pdf Graphic file (type pdf)
<use ../Figs/tsFFmsy2.pdf>
Package pdftex.def Info: ../Figs/tsFFmsy2.pdf  used on input line 577.
(pdftex.def)             Requested size: 433.61893pt x 505.88875pt.
 [46

 <../Figs/tsFFmsy2.pdf>]
<../Figs/tsFFmsy2B.pdf, id=627, 578.16pt x 578.16pt>
File: ../Figs/tsFFmsy2B.pdf Graphic file (type pdf)
<use ../Figs/tsFFmsy2B.pdf>
Package pdftex.def Info: ../Figs/tsFFmsy2B.pdf  used on input line 586.
(pdftex.def)             Requested size: 433.61893pt x 505.88875pt.
 [47

 <../Figs/tsFFmsy2B.pdf>]
<../Figs/tsSSBSSBmsy2.pdf, id=644, 578.16pt x 578.16pt>
File: ../Figs/tsSSBSSBmsy2.pdf Graphic file (type pdf)
<use ../Figs/tsSSBSSBmsy2.pdf>
Package pdftex.def Info: ../Figs/tsSSBSSBmsy2.pdf  used on input line 595.
(pdftex.def)             Requested size: 433.61893pt x 505.88875pt.
 [48

 <../Figs/tsSSBSSBmsy2.pdf>]
<../Figs/tsSSBSSBmsy2B.pdf, id=660, 578.16pt x 578.16pt>
File: ../Figs/tsSSBSSBmsy2B.pdf Graphic file (type pdf)
<use ../Figs/tsSSBSSBmsy2B.pdf>
Package pdftex.def Info: ../Figs/tsSSBSSBmsy2B.pdf  used on input line 604.
(pdftex.def)             Requested size: 433.61893pt x 505.88875pt.
 [49

 <../Figs/tsSSBSSBmsy2B.pdf>]
<../Figs/trAAVYP1002.pdf, id=677, 578.16pt x 578.16pt>
File: ../Figs/trAAVYP1002.pdf Graphic file (type pdf)
<use ../Figs/trAAVYP1002.pdf>
Package pdftex.def Info: ../Figs/trAAVYP1002.pdf  used on input line 614.
(pdftex.def)             Requested size: 505.88875pt x 578.18504pt.

Overfull \hbox (36.13336pt too wide) in paragraph at lines 614--615
 [] 
 []


LaTeX Warning: Float too large for page by 15.97464pt on input line 620.

[50 <../Figs/trAAVYP1002.pdf>]
<../Figs/trAAVYPNOF2.pdf, id=692, 578.16pt x 578.16pt>
File: ../Figs/trAAVYPNOF2.pdf Graphic file (type pdf)
<use ../Figs/trAAVYPNOF2.pdf>
Package pdftex.def Info: ../Figs/trAAVYPNOF2.pdf  used on input line 623.
(pdftex.def)             Requested size: 505.88875pt x 578.18504pt.

Overfull \hbox (36.13336pt too wide) in paragraph at lines 623--624
 [] 
 []


LaTeX Warning: Float too large for page by 15.97464pt on input line 629.

[51 <../Figs/trAAVYPNOF2.pdf>]
<../Figs/trAAVYYldLT2.pdf, id=707, 578.16pt x 578.16pt>
File: ../Figs/trAAVYYldLT2.pdf Graphic file (type pdf)
<use ../Figs/trAAVYYldLT2.pdf>
Package pdftex.def Info: ../Figs/trAAVYYldLT2.pdf  used on input line 632.
(pdftex.def)             Requested size: 505.88875pt x 578.18504pt.

Overfull \hbox (36.13336pt too wide) in paragraph at lines 632--633
 [] 
 []


LaTeX Warning: Float too large for page by 15.97464pt on input line 638.

[52 <../Figs/trAAVYYldLT2.pdf>]
<../Figs/trPNOFP1002.pdf, id=722, 578.16pt x 578.16pt>
File: ../Figs/trPNOFP1002.pdf Graphic file (type pdf)
<use ../Figs/trPNOFP1002.pdf>
Package pdftex.def Info: ../Figs/trPNOFP1002.pdf  used on input line 641.
(pdftex.def)             Requested size: 505.88875pt x 578.18504pt.

Overfull \hbox (36.13336pt too wide) in paragraph at lines 641--642
 [] 
 []


LaTeX Warning: Float too large for page by 15.97464pt on input line 647.

[53 <../Figs/trPNOFP1002.pdf>]
<../Figs/phasePlot2.pdf, id=737, 578.16pt x 578.16pt>
File: ../Figs/phasePlot2.pdf Graphic file (type pdf)
<use ../Figs/phasePlot2.pdf>
Package pdftex.def Info: ../Figs/phasePlot2.pdf  used on input line 651.
(pdftex.def)             Requested size: 505.88875pt x 578.18504pt.

Overfull \hbox (36.13336pt too wide) in paragraph at lines 651--652
 [] 
 []


LaTeX Warning: Float too large for page by 2.37463pt on input line 657.

[54 <../Figs/phasePlot2.pdf>] (c:/Users/nikolai.klibansky/Documents/GitHub/InterimAnalysis/SEFSCInterimAnalysis/RunMSE/SEFSC/Manuscript/MainText.aux)
Package rerunfilecheck Info: File `MainText.out' has not changed.
(rerunfilecheck)             Checksum: D41D8CD98F00B204E9800998ECF8427E;0.
 ) 
Here is how much of TeX's memory you used:
 19294 strings out of 480236
 360855 string characters out of 5893722
 681380 words of memory out of 5000000
 36228 multiletter control sequences out of 15000+600000
 540564 words of font info for 515 fonts, out of 8000000 for 9000
 14 hyphenation exceptions out of 8191
 108i,8n,106p,1968b,916s stack positions out of 5000i,500n,10000p,200000b,80000s
<c:/Users/nikolai.klibansky/AppData/Roaming/TinyTeX/texmf-dist/fonts/type1/public/amsfonts/cm/cmb10.pfb><c:/Users/nikolai.klibansky/AppData/Roaming/TinyTeX/texmf-dist/fonts/type1/public/amsfonts/cm/cmcsc10.pfb><c:/Users/nikolai.klibansky/AppData/Roaming/TinyTeX/texmf-dist/fonts/type1/public/amsfonts/cm/cmex10.pfb><c:/Users/nikolai.klibansky/AppData/Roaming/TinyTeX/texmf-dist/fonts/type1/public/amsfonts/cm/cmmi10.pfb><c:/Users/nikolai.klibansky/AppData/Roaming/TinyTeX/texmf-dist/fonts/type1/public/amsfonts/cm/cmmi12.pfb><c:/Users/nikolai.klibansky/AppData/Roaming/TinyTeX/texmf-dist/fonts/type1/public/amsfonts/cm/cmmi6.pfb><c:/Users/nikolai.klibansky/AppData/Roaming/TinyTeX/texmf-dist/fonts/type1/public/amsfonts/cm/cmmi8.pfb><c:/Users/nikolai.klibansky/AppData/Roaming/TinyTeX/texmf-dist/fonts/type1/public/amsfonts/cm/cmr10.pfb><c:/Users/nikolai.klibansky/AppData/Roaming/TinyTeX/texmf-dist/fonts/type1/public/amsfonts/cm/cmr12.pfb><c:/Users/nikolai.klibansky/AppData/Roaming/TinyTeX/texmf-dist/fonts/type1/public/amsfonts/cm/cmr17.pfb><c:/Users/nikolai.klibansky/AppData/Roaming/TinyTeX/texmf-dist/fonts/type1/public/amsfonts/cm/cmr6.pfb><c:/Users/nikolai.klibansky/AppData/Roaming/TinyTeX/texmf-dist/fonts/type1/public/amsfonts/cm/cmr7.pfb><c:/Users/nikolai.klibansky/AppData/Roaming/TinyTeX/texmf-dist/fonts/type1/public/amsfonts/cm/cmr8.pfb><c:/Users/nikolai.klibansky/AppData/Roaming/TinyTeX/texmf-dist/fonts/type1/public/amsfonts/cm/cmsy10.pfb><c:/Users/nikolai.klibansky/AppData/Roaming/TinyTeX/texmf-dist/fonts/type1/public/amsfonts/cm/cmsy8.pfb><c:/Users/nikolai.klibansky/AppData/Roaming/TinyTeX/texmf-dist/fonts/type1/public/amsfonts/cm/cmti10.pfb><c:/Users/nikolai.klibansky/AppData/Roaming/TinyTeX/texmf-dist/fonts/type1/public/amsfonts/cm/cmti12.pfb><c:/Users/nikolai.klibansky/AppData/Roaming/TinyTeX/texmf-dist/fonts/type1/public/amsfonts/cm/cmtt10.pfb><c:/Users/nikolai.klibansky/AppData/Roaming/TinyTeX/texmf-dist/fonts/type1/public/amsfonts/cm/cmtt12.pfb>
Output written on MainText.pdf (54 pages, 2180587 bytes).
PDF statistics:
 860 PDF objects out of 1000 (max. 8388607)
 692 compressed objects within 7 object streams
 123 named destinations out of 1000 (max. 500000)
 116906 words of extra memory for PDF output out of 128383 (max. 10000000)

